Arguments: 
  D:\soft\Node\node.exe C:\Users\Administrator\AppData\Local\Yarn\config\global\node_modules\yarn\bin\yarn.js publish

PATH: 
  C:\ProgramData\Oracle\Java\javapath;D:\soft\Python\;D:\soft\Python\Scripts;C:\Windows\system32;C:\Windows;C:\Windows\System32\Wbem;C:\Windows\System32\WindowsPowerShell\v1.0\;C:\Users\Administrator\AppData\Local\atom\bin;D:\soft\nvm;C:\Program Files\nodejs;C:\Program Files\nodejs;C:\Program Files (x86)\NVIDIA Corporation\PhysX\Common;D:\soft\Yarn\bin;C:\Program Files\Intel\WiFi\bin\;C:\Program Files\Common Files\Intel\WirelessCommon\;D:\soft\xampp\php;D:\soft\composer;D:\soft\Tencent\WeChat;D:\soft\Python;D:\Java\JDK9.0\bin;C:\Program Files\dotnet\;C:\Program Files\Microsoft SQL Server\130\Tools\Binn\;D:\soft\Git\cmd;D:\soft\Node\;C:\Program Files (x86)\Microsoft VS Code\bin;D:\soft\nvm;C:\Program Files\nodejs;C:\Users\Administrator\AppData\Local\Yarn\bin;C:\Program Files\Intel\WiFi\bin\;C:\Program Files\Common Files\Intel\WirelessCommon\;C:\Users\Administrator\AppData\Roaming\Composer\vendor\bin;C:\Program Files (x86)\Microsoft VS Code\bin;C:\Users\Administrator\AppData\Local\atom\bin;C:\Users\Administrator\AppData\Roaming\npm

Yarn version: 
  1.7.0

Node version: 
  8.11.3

Platform: 
  win32 x64

Trace: 
  Error: https://registry.npm.taobao.org/-/user/org.couchdb.user:zmouse: conflict
      at Request.params.callback [as _callback] (C:\Users\Administrator\AppData\Local\Yarn\config\global\node_modules\yarn\lib\cli.js:65656:18)
      at Request.self.callback (C:\Users\Administrator\AppData\Local\Yarn\config\global\node_modules\yarn\lib\cli.js:134675:22)
      at emitTwo (events.js:126:13)
      at Request.emit (events.js:214:7)
      at Request.<anonymous> (C:\Users\Administrator\AppData\Local\Yarn\config\global\node_modules\yarn\lib\cli.js:135658:10)
      at emitOne (events.js:116:13)
      at Request.emit (events.js:211:7)
      at IncomingMessage.<anonymous> (C:\Users\Administrator\AppData\Local\Yarn\config\global\node_modules\yarn\lib\cli.js:135578:12)
      at Object.onceWrapper (events.js:313:30)
      at emitNone (events.js:111:20)

npm manifest: 
  {
    "name": "zmouse",
    "version": "1.0.0",
    "dependencies": {
      "chalk": "^2.4.1",
      "commander": "^2.16.0"
    }
  }

yarn manifest: 
  No manifest

Lockfile: 
  No lockfile
